#
# A fatal error has been detected by the Java Runtime Environment:
#
#  EXCEPTION_UNCAUGHT_CXX_EXCEPTION (0xe06d7363) at pc=0x00007fff6266a388, pid=8640, tid=0x00000000000018d0
#
# JRE version: Java(TM) SE Runtime Environment (8.0_191-b12) (build 1.8.0_191-b12)
# Java VM: Java HotSpot(TM) 64-Bit Server VM (25.191-b12 mixed mode windows-amd64 compressed oops)
# Problematic frame:
# C  [KERNELBASE.dll+0x3a388]
#
# Failed to write core dump. Minidumps are not enabled by default on client versions of Windows
#
# If you would like to submit a bug report, please visit:
#   http://bugreport.java.com/bugreport/crash.jsp
# The crash happened outside the Java Virtual Machine in native code.
# See problematic frame for where to report the bug.
#

---------------  T H R E A D  ---------------

Current thread (0x00000000185b9000):  JavaThread "main-FPSAWTAnimator#00-Timer0" [_thread_in_native, id=6352, stack(0x0000000020380000,0x0000000020480000)]

siginfo: ExceptionCode=0xe06d7363, ExceptionInformation=0x0000000019930520 0x000000002047db20 0x000000001e12f428 0x000000001c640000 

Registers:
RAX=0x0000000000000004, RBX=0x000000001e12f428, RCX=0x000000001f59ae50, RDX=0x00007fff65bd0000
RSP=0x000000002047d9b0, RBP=0x000000002047daf0, RSI=0x0000000000000000, RDI=0xffffffffffffff82
R8 =0x0000000001605b60, R9 =0x0000000140001c80, R10=0x000000001ed69620, R11=0x0000000000000001
R12=0x0000000000000003, R13=0x000000001b0dc160, R14=0x00000000000002c8, R15=0x000000000000228c
RIP=0x00007fff6266a388, EFLAGS=0x0000000000000206

Top of Stack: (sp=0x000000002047d9b0)
0x000000002047d9b0:   0000000000000108 000000001e12f428
0x000000002047d9c0:   0000000000000000 ffffffffffffff82
0x000000002047d9d0:   00000001e06d7363 0000000000000000
0x000000002047d9e0:   00007fff6266a388 0000000000000004
0x000000002047d9f0:   0000000019930520 000000002047db20
0x000000002047da00:   000000001e12f428 000000001c640000
0x000000002047da10:   00000000000002c8 0000000000000003
0x000000002047da20:   ffffffffffffff82 0000000000000000
0x000000002047da30:   000000002047daf0 00007fff65bda39f
0x000000002047da40:   000000002047db00 0000000000000000
0x000000002047da50:   0000e8f2a751b105 00007fff65c3aca7
0x000000002047da60:   000000001e300000 000000001c640000
0x000000002047da70:   000019b1a000b786 000000001dde8f00
0x000000002047da80:   000000001e12f428 000000001dde616c
0x000000002047da90:   ffffffffffffff82 000000001dde2fd1
0x000000002047daa0:   ffffffffffffffff 00000000adbec1e4 

Instructions: (pc=0x00007fff6266a388)
0x00007fff6266a368:   49 8b d1 44 0f 47 c0 44 89 44 24 38 49 c1 e0 03
0x00007fff6266a378:   e8 4a 46 04 00 48 8d 4c 24 20 ff 15 d0 82 14 00
0x00007fff6266a388:   48 8b 8c 24 c0 00 00 00 48 33 cc e8 b8 05 04 00
0x00007fff6266a398:   48 81 c4 d8 00 00 00 c3 83 64 24 38 00 eb d6 cc 


Register to memory mapping:

RAX=0x0000000000000004 is an unknown value
RBX=0x000000001e12f428 is an unknown value
RCX=0x000000001f59ae50 is an unknown value
RDX=0x00007fff65bd0000 is an unknown value
RSP=0x000000002047d9b0 is pointing into the stack for thread: 0x00000000185b9000
RBP=0x000000002047daf0 is pointing into the stack for thread: 0x00000000185b9000
RSI=0x0000000000000000 is an unknown value
RDI=0xffffffffffffff82 is an unknown value
R8 =0x0000000001605b60 is an unknown value
R9 =0x0000000140001c80 is an unknown value
R10=0x000000001ed69620 is an unknown value
R11=0x0000000000000001 is an unknown value
R12=0x0000000000000003 is an unknown value
R13=0x000000001b0dc160 is an unknown value
R14=0x00000000000002c8 is an unknown value
R15=0x000000000000228c is an unknown value


Stack: [0x0000000020380000,0x0000000020480000],  sp=0x000000002047d9b0,  free space=1014k
Native frames: (J=compiled Java code, j=interpreted, Vv=VM code, C=native code)
C  [KERNELBASE.dll+0x3a388]
C  [atio6axx.dll+0x17a616c]
C  [atio6axx.dll+0x17a2dc8]
C  [atio6axx.dll+0xd9fbc3]
C  [atio6axx.dll+0xd9fd79]
C  [atio6axx.dll+0xda000a]
C  [atio6axx.dll+0xd6804d]
C  [atio6axx.dll+0xd97fba]
C  [atio6axx.dll+0xd4030d]
C  [atio6axx.dll+0xd4281c]
C  [atio6axx.dll+0xd8ff81]
C  [atio6axx.dll+0xd90868]
C  [atio6axx.dll+0x2942a2]
C  [atio6axx.dll+0x1d7c5b]
C  [atio6axx.dll+0xa0e643]
C  0x00000000034a8627

Java frames: (J=compiled Java code, j=interpreted, Vv=VM code)
j  jogamp.opengl.gl4.GL4bcImpl.dispatch_glBlitFramebuffer1(IIIIIIIIIIJ)V+0
j  jogamp.opengl.gl4.GL4bcImpl.glBlitFramebuffer(IIIIIIIIII)V+59
j  processing.opengl.PJOGL.blitFramebuffer(IIIIIIIIII)V+64
j  processing.opengl.PGL.syncBackTexture()V+101
j  processing.opengl.PGL.endRender(I)V+8
j  processing.opengl.PGraphicsOpenGL.endOnscreenDraw()V+11
j  processing.opengl.PGraphicsOpenGL.endDraw()V+27
j  processing.core.PApplet.handleDraw()V+200
j  processing.opengl.PSurfaceJOGL$DrawListener.display(Lcom/jogamp/opengl/GLAutoDrawable;)V+120
j  jogamp.opengl.GLDrawableHelper.displayImpl(Lcom/jogamp/opengl/GLAutoDrawable;)V+62
j  jogamp.opengl.GLDrawableHelper.display(Lcom/jogamp/opengl/GLAutoDrawable;)V+2
j  jogamp.opengl.GLAutoDrawableBase$2.run()V+59
j  jogamp.opengl.GLDrawableHelper.invokeGLImpl(Lcom/jogamp/opengl/GLDrawable;Lcom/jogamp/opengl/GLContext;Ljava/lang/Runnable;Ljava/lang/Runnable;)V+203
j  jogamp.opengl.GLDrawableHelper.invokeGL(Lcom/jogamp/opengl/GLDrawable;Lcom/jogamp/opengl/GLContext;Ljava/lang/Runnable;Ljava/lang/Runnable;)V+72
j  com.jogamp.newt.opengl.GLWindow.display()V+90
j  com.jogamp.opengl.util.AWTAnimatorImpl.display(Ljava/util/ArrayList;ZZ)V+68
j  com.jogamp.opengl.util.AnimatorBase.display()V+16
j  com.jogamp.opengl.util.FPSAnimator$MainTask.run()V+216
j  java.util.TimerThread.mainLoop()V+221
j  java.util.TimerThread.run()V+1
v  ~StubRoutines::call_stub

---------------  P R O C E S S  ---------------

Java Threads: ( => current thread )
  0x000000000318e000 JavaThread "DestroyJavaVM" [_thread_blocked, id=8888, stack(0x0000000003290000,0x0000000003390000)]
=>0x00000000185b9000 JavaThread "main-FPSAWTAnimator#00-Timer0" [_thread_in_native, id=6352, stack(0x0000000020380000,0x0000000020480000)]
  0x0000000019699800 JavaThread "Thread-3" [_thread_blocked, id=2076, stack(0x0000000020280000,0x0000000020380000)]
  0x0000000019698800 JavaThread "HighResTimerThread" daemon [_thread_blocked, id=7984, stack(0x0000000020180000,0x0000000020280000)]
  0x0000000018504000 JavaThread "main-SharedResourceRunner" daemon [_thread_blocked, id=8008, stack(0x000000001bf20000,0x000000001c020000)]
  0x00000000194ff800 JavaThread "main-Display-.windows_nil-1-EDT-1" daemon [_thread_blocked, id=8204, stack(0x000000001bc20000,0x000000001bd20000)]
  0x0000000018659000 JavaThread "AWT-Windows" daemon [_thread_in_native, id=9000, stack(0x0000000018ba0000,0x0000000018ca0000)]
  0x00000000185f6800 JavaThread "Java2D Disposer" daemon [_thread_blocked, id=8992, stack(0x00000000189a0000,0x0000000018aa0000)]
  0x000000001696e000 JavaThread "Service Thread" daemon [_thread_blocked, id=8952, stack(0x0000000018660000,0x0000000018760000)]
  0x0000000016915800 JavaThread "C1 CompilerThread2" daemon [_thread_blocked, id=8948, stack(0x0000000018160000,0x0000000018260000)]
  0x0000000016912000 JavaThread "C2 CompilerThread1" daemon [_thread_blocked, id=8944, stack(0x0000000018060000,0x0000000018160000)]
  0x0000000016910000 JavaThread "C2 CompilerThread0" daemon [_thread_blocked, id=8940, stack(0x0000000017f60000,0x0000000018060000)]
  0x000000001690e800 JavaThread "Attach Listener" daemon [_thread_blocked, id=8936, stack(0x0000000017e60000,0x0000000017f60000)]
  0x000000001690d000 JavaThread "Signal Dispatcher" daemon [_thread_blocked, id=8932, stack(0x0000000017d60000,0x0000000017e60000)]
  0x000000000348c000 JavaThread "Finalizer" daemon [_thread_blocked, id=8916, stack(0x0000000017b70000,0x0000000017c70000)]
  0x0000000003481000 JavaThread "Reference Handler" daemon [_thread_blocked, id=8912, stack(0x0000000017a70000,0x0000000017b70000)]

Other Threads:
  0x00000000168d8800 VMThread [stack: 0x0000000017970000,0x0000000017a70000] [id=8908]
  0x00000000182b6000 WatcherThread [stack: 0x0000000018760000,0x0000000018860000] [id=8956]

VM state:not at safepoint (normal execution)

VM Mutex/Monitor currently owned by a thread: None

Heap:
 PSYoungGen      total 26112K, used 19090K [0x00000000e2d80000, 0x00000000e4a80000, 0x0000000100000000)
  eden space 22528K, 68% used [0x00000000e2d80000,0x00000000e3ca5388,0x00000000e4380000)
  from space 3584K, 99% used [0x00000000e4380000,0x00000000e46ff770,0x00000000e4700000)
  to   space 3584K, 0% used [0x00000000e4700000,0x00000000e4700000,0x00000000e4a80000)
 ParOldGen       total 60416K, used 806K [0x00000000a8800000, 0x00000000ac300000, 0x00000000e2d80000)
  object space 60416K, 1% used [0x00000000a8800000,0x00000000a88c9838,0x00000000ac300000)
 Metaspace       used 14927K, capacity 15098K, committed 15360K, reserved 1062912K
  class space    used 1400K, capacity 1467K, committed 1536K, reserved 1048576K

Card table byte_map: [0x0000000012850000,0x0000000012b10000] byte_map_base: 0x000000001230c000

Marking Bits: (ParMarkBitMap*) 0x0000000065233e30
 Begin Bits: [0x00000000130f0000, 0x00000000146d0000)
 End Bits:   [0x00000000146d0000, 0x0000000015cb0000)

Polling page: 0x00000000018a0000

CodeCache: size=245760Kb used=3339Kb max_used=3339Kb free=242420Kb
 bounds [0x0000000003490000, 0x00000000037e0000, 0x0000000012490000]
 total_blobs=1634 nmethods=806 adapters=742
 compilation: enabled

Compilation events (10 events):
Event: 26.609 Thread 0x0000000016915800  814       3       java.util.Random::nextFloat (11 bytes)
Event: 26.609 Thread 0x0000000016915800 nmethod 814 0x00000000037cc2d0 code [0x00000000037cc460, 0x00000000037cc688]
Event: 26.609 Thread 0x0000000016915800  815       3       java.util.Random::next (47 bytes)
Event: 26.609 Thread 0x0000000016915800 nmethod 815 0x00000000037ccf90 code [0x00000000037cd100, 0x00000000037cd510]
Event: 26.609 Thread 0x0000000016915800  813       3       processing.core.PApplet::random (34 bytes)
Event: 26.610 Thread 0x0000000016915800 nmethod 813 0x00000000037d55d0 code [0x00000000037d5740, 0x00000000037d5aa8]
Event: 26.610 Thread 0x0000000016915800  816       3       HelloWorld$Star::<init> (69 bytes)
Event: 26.610 Thread 0x0000000016915800 nmethod 816 0x00000000037ce0d0 code [0x00000000037ce280, 0x00000000037ceb08]
Event: 26.610 Thread 0x0000000016915800  817       1       java.util.concurrent.atomic.AtomicLong::get (5 bytes)
Event: 26.610 Thread 0x0000000016915800 nmethod 817 0x00000000037d1790 code [0x00000000037d18e0, 0x00000000037d19f0]

GC Heap History (2 events):
Event: 24.905 GC heap before
{Heap before GC invocations=1 (full 0):
 PSYoungGen      total 26112K, used 22528K [0x00000000e2d80000, 0x00000000e4a80000, 0x0000000100000000)
  eden space 22528K, 100% used [0x00000000e2d80000,0x00000000e4380000,0x00000000e4380000)
  from space 3584K, 0% used [0x00000000e4700000,0x00000000e4700000,0x00000000e4a80000)
  to   space 3584K, 0% used [0x00000000e4380000,0x00000000e4380000,0x00000000e4700000)
 ParOldGen       total 60416K, used 0K [0x00000000a8800000, 0x00000000ac300000, 0x00000000e2d80000)
  object space 60416K, 0% used [0x00000000a8800000,0x00000000a8800000,0x00000000ac300000)
 Metaspace       used 14197K, capacity 14390K, committed 14720K, reserved 1062912K
  class space    used 1327K, capacity 1401K, committed 1408K, reserved 1048576K
Event: 24.923 GC heap after
Heap after GC invocations=1 (full 0):
 PSYoungGen      total 26112K, used 3581K [0x00000000e2d80000, 0x00000000e4a80000, 0x0000000100000000)
  eden space 22528K, 0% used [0x00000000e2d80000,0x00000000e2d80000,0x00000000e4380000)
  from space 3584K, 99% used [0x00000000e4380000,0x00000000e46ff770,0x00000000e4700000)
  to   space 3584K, 0% used [0x00000000e4700000,0x00000000e4700000,0x00000000e4a80000)
 ParOldGen       total 60416K, used 806K [0x00000000a8800000, 0x00000000ac300000, 0x00000000e2d80000)
  object space 60416K, 1% used [0x00000000a8800000,0x00000000a88c9838,0x00000000ac300000)
 Metaspace       used 14197K, capacity 14390K, committed 14720K, reserved 1062912K
  class space    used 1327K, capacity 1401K, committed 1408K, reserved 1048576K
}

Deoptimization events (2 events):
Event: 23.178 Thread 0x000000000318e000 Uncommon trap: reason=unstable_if action=reinterpret pc=0x000000000364b1b8 method=java.lang.String.startsWith(Ljava/lang/String;I)Z @ 25
Event: 25.817 Thread 0x000000000318e000 Uncommon trap: reason=unstable_if action=reinterpret pc=0x000000000379f2f4 method=java.lang.reflect.AccessibleObject.setAccessible0(Ljava/lang/reflect/AccessibleObject;Z)V @ 4

Classes redefined (0 events):
No events

Internal exceptions (10 events):
Event: 0.407 Thread 0x000000000318e000 Exception <a 'java/lang/NoSuchMethodError': Method sun.misc.Unsafe.defineClass(Ljava/lang/String;[BII)Ljava/lang/Class; name or signature does not match> (0x00000000e2d87cb0) thrown at [C:\re\workspace\8-2-build-windows-amd64-cygwin\jdk8u191\11896\hotspot
Event: 0.407 Thread 0x000000000318e000 Exception <a 'java/lang/NoSuchMethodError': Method sun.misc.Unsafe.prefetchRead(Ljava/lang/Object;J)V name or signature does not match> (0x00000000e2d87f98) thrown at [C:\re\workspace\8-2-build-windows-amd64-cygwin\jdk8u191\11896\hotspot\src\share\vm\prim
Event: 3.918 Thread 0x000000000318e000 Exception <a 'java/security/PrivilegedActionException'> (0x00000000e2efcc40) thrown at [C:\re\workspace\8-2-build-windows-amd64-cygwin\jdk8u191\11896\hotspot\src\share\vm\prims\jvm.cpp, line 1435]
Event: 3.918 Thread 0x000000000318e000 Exception <a 'java/security/PrivilegedActionException'> (0x00000000e2efce50) thrown at [C:\re\workspace\8-2-build-windows-amd64-cygwin\jdk8u191\11896\hotspot\src\share\vm\prims\jvm.cpp, line 1435]
Event: 3.920 Thread 0x000000000318e000 Exception <a 'java/security/PrivilegedActionException'> (0x00000000e2f00ac0) thrown at [C:\re\workspace\8-2-build-windows-amd64-cygwin\jdk8u191\11896\hotspot\src\share\vm\prims\jvm.cpp, line 1435]
Event: 3.920 Thread 0x000000000318e000 Exception <a 'java/security/PrivilegedActionException'> (0x00000000e2f00cd0) thrown at [C:\re\workspace\8-2-build-windows-amd64-cygwin\jdk8u191\11896\hotspot\src\share\vm\prims\jvm.cpp, line 1435]
Event: 3.935 Thread 0x000000000318e000 Exception <a 'java/io/FileNotFoundException'> (0x00000000e2f02d40) thrown at [C:\re\workspace\8-2-build-windows-amd64-cygwin\jdk8u191\11896\hotspot\src\share\vm\prims\jni.cpp, line 709]
Event: 4.066 Thread 0x000000000318e000 Exception <a 'java/lang/NoSuchFieldError': method resolution failed> (0x00000000e2fd38e0) thrown at [C:\re\workspace\8-2-build-windows-amd64-cygwin\jdk8u191\11896\hotspot\src\share\vm\prims\methodHandles.cpp, line 1167]
Event: 4.071 Thread 0x000000000318e000 Exception <a 'java/lang/NoSuchFieldError': method resolution failed> (0x00000000e2fe0c30) thrown at [C:\re\workspace\8-2-build-windows-amd64-cygwin\jdk8u191\11896\hotspot\src\share\vm\prims\methodHandles.cpp, line 1167]
Event: 4.244 Thread 0x000000000318e000 Exception <a 'java/io/FileNotFoundException'> (0x00000000e30805f0) thrown at [C:\re\workspace\8-2-build-windows-amd64-cygwin\jdk8u191\11896\hotspot\src\share\vm\prims\jni.cpp, line 709]

Events (10 events):
Event: 26.594 loading class processing/opengl/PGraphicsOpenGL$Disposable
Event: 26.594 loading class processing/opengl/PGraphicsOpenGL$Disposable done
Event: 26.596 loading class java/util/NoSuchElementException
Event: 26.596 loading class java/util/NoSuchElementException done
Event: 26.601 loading class java/lang/StrictMath
Event: 26.601 loading class java/lang/StrictMath done
Event: 26.603 loading class HelloWorld$Object
Event: 26.603 loading class HelloWorld$Object done
Event: 26.604 loading class processing/core/PVector
Event: 26.604 loading class processing/core/PVector done


Dynamic libraries:
0x00007ff7d2c50000 - 0x00007ff7d2c87000 	C:\Program Files\Java\jre1.8.0_191\bin\javaw.exe
0x00007fff65bd0000 - 0x00007fff65db1000 	C:\WINDOWS\SYSTEM32\ntdll.dll
0x00007fff63510000 - 0x00007fff635c2000 	C:\WINDOWS\System32\KERNEL32.DLL
0x00007fff62630000 - 0x00007fff628a3000 	C:\WINDOWS\System32\KERNELBASE.dll
0x00007fff63630000 - 0x00007fff636d1000 	C:\WINDOWS\System32\ADVAPI32.dll
0x00007fff636e0000 - 0x00007fff6377e000 	C:\WINDOWS\System32\msvcrt.dll
0x00007fff635d0000 - 0x00007fff6362b000 	C:\WINDOWS\System32\sechost.dll
0x00007fff63a60000 - 0x00007fff63b84000 	C:\WINDOWS\System32\RPCRT4.dll
0x00007fff637d0000 - 0x00007fff63960000 	C:\WINDOWS\System32\USER32.dll
0x00007fff63040000 - 0x00007fff63060000 	C:\WINDOWS\System32\win32u.dll
0x00007fff65a70000 - 0x00007fff65a98000 	C:\WINDOWS\System32\GDI32.dll
0x00007fff61fa0000 - 0x00007fff62132000 	C:\WINDOWS\System32\gdi32full.dll
0x00007fff62240000 - 0x00007fff622df000 	C:\WINDOWS\System32\msvcp_win.dll
0x00007fff62140000 - 0x00007fff6223a000 	C:\WINDOWS\System32\ucrtbase.dll
0x00007fff5a6f0000 - 0x00007fff5a959000 	C:\WINDOWS\WinSxS\amd64_microsoft.windows.common-controls_6595b64144ccf1df_6.0.17134.407_none_fb449d63306391e9\COMCTL32.dll
0x00007fff64140000 - 0x00007fff64462000 	C:\WINDOWS\System32\combase.dll
0x00007fff628b0000 - 0x00007fff6292a000 	C:\WINDOWS\System32\bcryptPrimitives.dll
0x00007fff63780000 - 0x00007fff637ad000 	C:\WINDOWS\System32\IMM32.DLL
0x00000000652c0000 - 0x0000000065392000 	C:\Program Files\Java\jre1.8.0_191\bin\msvcr100.dll
0x0000000064a10000 - 0x00000000652b4000 	C:\Program Files\Java\jre1.8.0_191\bin\server\jvm.dll
0x00007fff63c40000 - 0x00007fff63c48000 	C:\WINDOWS\System32\PSAPI.DLL
0x00007fff5b820000 - 0x00007fff5b82a000 	C:\WINDOWS\SYSTEM32\VERSION.dll
0x00007fff531e0000 - 0x00007fff531e9000 	C:\WINDOWS\SYSTEM32\WSOCK32.dll
0x00007fff5fd80000 - 0x00007fff5fda3000 	C:\WINDOWS\SYSTEM32\WINMM.dll
0x00007fff65930000 - 0x00007fff6599c000 	C:\WINDOWS\System32\WS2_32.dll
0x00007fff5fa10000 - 0x00007fff5fa3a000 	C:\WINDOWS\SYSTEM32\winmmbase.dll
0x00007fff622e0000 - 0x00007fff62329000 	C:\WINDOWS\System32\cfgmgr32.dll
0x0000000064a00000 - 0x0000000064a0f000 	C:\Program Files\Java\jre1.8.0_191\bin\verify.dll
0x00000000649d0000 - 0x00000000649f9000 	C:\Program Files\Java\jre1.8.0_191\bin\java.dll
0x00000000649b0000 - 0x00000000649c6000 	C:\Program Files\Java\jre1.8.0_191\bin\zip.dll
0x00007fff644f0000 - 0x00007fff6592f000 	C:\WINDOWS\System32\SHELL32.dll
0x00007fff63b90000 - 0x00007fff63c39000 	C:\WINDOWS\System32\shcore.dll
0x00007fff62930000 - 0x00007fff6303d000 	C:\WINDOWS\System32\windows.storage.dll
0x00007fff63060000 - 0x00007fff630b1000 	C:\WINDOWS\System32\shlwapi.dll
0x00007fff61f40000 - 0x00007fff61f51000 	C:\WINDOWS\System32\kernel.appcore.dll
0x00007fff61f80000 - 0x00007fff61f9f000 	C:\WINDOWS\System32\profapi.dll
0x00007fff61ef0000 - 0x00007fff61f3c000 	C:\WINDOWS\System32\powrprof.dll
0x00007fff61ee0000 - 0x00007fff61eea000 	C:\WINDOWS\System32\FLTLIB.DLL
0x0000000064810000 - 0x00000000649a9000 	C:\Program Files\Java\jre1.8.0_191\bin\awt.dll
0x00007fff659a0000 - 0x00007fff65a62000 	C:\WINDOWS\System32\OLEAUT32.dll
0x00007fff5ffa0000 - 0x00007fff6002b000 	C:\WINDOWS\SYSTEM32\apphelp.dll
0x00007fff600d0000 - 0x00007fff60168000 	C:\WINDOWS\system32\uxtheme.dll
0x00007fff63e60000 - 0x00007fff63fd3000 	C:\WINDOWS\System32\MSCTF.dll
0x00007fff60460000 - 0x00007fff60489000 	C:\WINDOWS\system32\dwmapi.dll
0x00007fff63fe0000 - 0x00007fff64131000 	C:\WINDOWS\System32\ole32.dll
0x00007fff39330000 - 0x00007fff39450000 	C:\WINDOWS\system32\opengl32.dll
0x00007fff39300000 - 0x00007fff3932c000 	C:\WINDOWS\SYSTEM32\GLU32.dll
0x00007fff36110000 - 0x00007fff362a7000 	C:\WINDOWS\system32\d3d9.dll
0x00007fff5b830000 - 0x00007fff5b993000 	C:\WINDOWS\SYSTEM32\aticfx64.dll
0x00007fff392d0000 - 0x00007fff392f1000 	C:\WINDOWS\SYSTEM32\atiu9p64.dll
0x00007fff358b0000 - 0x00007fff36109000 	C:\WINDOWS\SYSTEM32\atiumd64.dll
0x0000000063f80000 - 0x0000000064806000 	C:\WINDOWS\SYSTEM32\atiumd6a.dll
0x00007fff61910000 - 0x00007fff61927000 	C:\WINDOWS\SYSTEM32\CRYPTSP.dll
0x00007fff61340000 - 0x00007fff61373000 	C:\WINDOWS\system32\rsaenh.dll
0x00007fff61a40000 - 0x00007fff61a65000 	C:\WINDOWS\SYSTEM32\bcrypt.dll
0x00007fff61e10000 - 0x00007fff61e38000 	C:\WINDOWS\SYSTEM32\USERENV.dll
0x00007fff61930000 - 0x00007fff6193b000 	C:\WINDOWS\SYSTEM32\CRYPTBASE.dll
0x0000000063f60000 - 0x0000000063f7a000 	C:\Program Files\Java\jre1.8.0_191\bin\net.dll
0x00007fff61760000 - 0x00007fff617c6000 	C:\WINDOWS\system32\mswsock.dll
0x00007fff614e0000 - 0x00007fff61518000 	C:\WINDOWS\SYSTEM32\IPHLPAPI.DLL
0x00007fff65aa0000 - 0x00007fff65aa8000 	C:\WINDOWS\System32\NSI.dll
0x00007fff59a10000 - 0x00007fff59a26000 	C:\WINDOWS\SYSTEM32\dhcpcsvc6.DLL
0x00007fff59ac0000 - 0x00007fff59ada000 	C:\WINDOWS\SYSTEM32\dhcpcsvc.DLL
0x0000000063f40000 - 0x0000000063f51000 	C:\Program Files\Java\jre1.8.0_191\bin\nio.dll
0x00000000637c0000 - 0x00000000637cd000 	C:\Users\John\AppData\Local\Temp\jogamp_0000\file_cache\jln7670473387933408632\jln2224688907675314533\natives\windows-amd64\gluegen-rt.dll
0x0000000063f30000 - 0x0000000063f37000 	C:\Program Files\Java\jre1.8.0_191\bin\jawt.dll
0x000000006a440000 - 0x000000006a44d000 	C:\Users\John\AppData\Local\Temp\jogamp_0000\file_cache\jln7670473387933408632\jln2224688907675314533\natives\windows-amd64\nativewindow_awt.dll
0x000000006c100000 - 0x000000006c10f000 	C:\Users\John\AppData\Local\Temp\jogamp_0000\file_cache\jln7670473387933408632\jln2224688907675314533\natives\windows-amd64\nativewindow_win32.dll
0x000000006cbc0000 - 0x000000006cbd3000 	C:\Users\John\AppData\Local\Temp\jogamp_0000\file_cache\jln7670473387933408632\jln2224688907675314533\natives\windows-amd64\newt.dll
0x00007fff56130000 - 0x00007fff561d8000 	C:\WINDOWS\SYSTEM32\mscms.dll
0x00007fff5a3e0000 - 0x00007fff5a3f0000 	C:\WINDOWS\SYSTEM32\ColorAdapterClient.dll
0x00007fff39230000 - 0x00007fff39273000 	C:\WINDOWS\SYSTEM32\icm32.dll
0x00007fff630c0000 - 0x00007fff6350b000 	C:\WINDOWS\System32\setupapi.dll
0x00007fff61cf0000 - 0x00007fff61d17000 	C:\WINDOWS\SYSTEM32\DEVOBJ.dll
0x00007fff62330000 - 0x00007fff62387000 	C:\WINDOWS\System32\WINTRUST.dll
0x00007fff61f60000 - 0x00007fff61f72000 	C:\WINDOWS\System32\MSASN1.dll
0x00007fff62390000 - 0x00007fff62572000 	C:\WINDOWS\System32\CRYPT32.dll
0x0000000018ac0000 - 0x0000000018b71000 	C:\Users\John\AppData\Local\Temp\jogamp_0000\file_cache\jln7670473387933408632\jln2224688907675314533\natives\windows-amd64\jogl_desktop.dll
0x00000000190e0000 - 0x0000000019142000 	C:\Users\John\AppData\Local\Temp\jogamp_0000\file_cache\jln7670473387933408632\jln2224688907675314533\natives\windows-amd64\jogl_mobile.dll
0x00007fff391c0000 - 0x00007fff391d8000 	C:\WINDOWS\SYSTEM32\atig6pxx.dll
0x000000001c640000 - 0x000000001e43d000 	C:\WINDOWS\SYSTEM32\atio6axx.dll
0x00007fff356e0000 - 0x00007fff35821000 	C:\WINDOWS\SYSTEM32\atiadlxx.dll
0x00007fff5e480000 - 0x00007fff5e634000 	C:\WINDOWS\SYSTEM32\PROPSYS.dll
0x00007fff5e740000 - 0x00007fff5e753000 	C:\WINDOWS\SYSTEM32\WTSAPI32.dll
0x00007fff35840000 - 0x00007fff3586c000 	C:\WINDOWS\SYSTEM32\atig6txx.dll
0x00007fff4e580000 - 0x00007fff4e749000 	C:\WINDOWS\SYSTEM32\dbghelp.dll

VM Arguments:
jvm_args: -Djna.nosys=true -Djava.library.path=C:\Users\John\Desktop\HelloWorldpt2\HelloWorld\application.windows64\lib 
java_command: HelloWorld
java_class_path (initial): lib\HelloWorld.jar;lib\core.jar;lib\jogl-all.jar;lib\gluegen-rt.jar;lib\jogl-all-natives-windows-amd64.jar;lib\gluegen-rt-natives-windows-amd64.jar
Launcher Type: SUN_STANDARD

Environment Variables:
PATH=C:\Program Files (x86)\Common Files\Oracle\Java\javapath;C:\Program Files (x86)\NVIDIA Corporation\PhysX\Common;C:\ProgramData\Oracle\Java\javapath;C:\Program Files (x86)\HP SimplePass\x64;C:\Program Files (x86)\HP SimplePass\;;C:\Program Files (x86)\AMD APP\bin\x86_64;C:\Program Files (x86)\AMD APP\bin\x86;C:\WINDOWS\system32;C:\WINDOWS;C:\WINDOWS\System32\Wbem;C:\WINDOWS\System32\WindowsPowerShell\v1.0\;C:\Program Files (x86)\Windows Live\Shared;C:\Program Files (x86)\ATI Technologies\ATI.ACE\Core-Static;C:\Program Files (x86)\Skype\Phone\;C:\WINDOWS\System32\OpenSSH\;C:\Users\John\AppData\Local\Microsoft\WindowsApps;;C:\Program Files (x86)\SSH Communications Security\SSH Secure Shell;C:\Program Files\Microsoft VS Code\bin;C:\Program Files\Java\jre1.8.0_191\bin
USERNAME=John
OS=Windows_NT
PROCESSOR_IDENTIFIER=AMD64 Family 21 Model 16 Stepping 1, AuthenticAMD



---------------  S Y S T E M  ---------------

OS: Windows 10.0 , 64 bit Build 17134 (10.0.17134.1)

CPU:total 4 (initial active 4) (4 cores per cpu, 1 threads per core) family 21 model 16 stepping 1, cmov, cx8, fxsr, mmx, sse, sse2, sse3, ssse3, sse4.1, sse4.2, popcnt, avx, aes, clmul, mmxext, 3dnowpref, lzcnt, sse4a, tsc, tscinvbit, tscinv, bmi1

Memory: 4k page, physical 5730568k(3925932k free), swap 6648072k(4557756k free)

vm_info: Java HotSpot(TM) 64-Bit Server VM (25.191-b12) for windows-amd64 JRE (1.8.0_191-b12), built on Oct  6 2018 09:29:03 by "java_re" with MS VC++ 10.0 (VS2010)

time: Sat Dec 01 18:19:16 2018
elapsed time: 32 seconds (0d 0h 0m 32s)

